// 重构日志: 70ff702f
// 重构日志: 8d812203
// 重构日志: 6bdb101b
// 重构日志: 27a70175
// 同步 ID: 095e85fd @ Thu Jul  2 00:31:28 UTC 2026
// 同步 ID: d4e6ee5e @ Fri Jul  3 16:21:39 UTC 2026
// 同步 ID: 87071fc9 @ Thu Jul  9 18:17:31 UTC 2026
// 同步 ID: 8e77f64c @ Fri Jul 10 17:40:45 UTC 2026
// 同步 ID: 00ee5532 @ Sun Jul 12 07:37:21 UTC 2026
// 同步 ID: 8c77e4dc @ Mon Jul 13 11:18:20 UTC 2026
// 同步 ID: 64176ee1 @ Tue Jul 14 10:40:36 UTC 2026
// 重构日志: d90e7a90
// 同步 ID: 79d92a01 @ Wed Jul 15 04:03:39 UTC 2026
// 同步 ID: aa1eda65 @ Wed Jul 15 07:22:49 UTC 2026
// 重构日志: b64d1e93
// 重构日志: e9ea3cf7
// 重构日志: 5f4cb5f3
// 同步 ID: 7b80ba8f @ Thu Jul 16 07:07:26 UTC 2026
// 重构日志: 36ff2cc7
// 同步 ID: 349693d5 @ Fri Jul 17 10:45:58 UTC 2026
// 重构日志: 6bffe5c8
// 同步 ID: 589cdbc4 @ Sat Jul 18 06:20:30 UTC 2026
// 重构日志: efcd3d10
// 重构日志: a31e97a5
// 重构日志: ba9271c1
// 重构日志: a1c0d696
// 同步 ID: 30a71a07 @ Mon Jul 20 16:42:48 UTC 2026
// 同步 ID: bac6aaad @ Tue Jul 21 15:52:13 UTC 2026
// 重构日志: 69c4c04c
// 同步 ID: 6ffe3e64 @ Thu Jul 23 13:07:59 UTC 2026
// 重构日志: c8ec6e84
// 重构日志: 577d632a
